---------------------------------------------------------------
[ 2017-10-26T17:20:07+08:00 ] 127.0.0.1 127.0.0.1 GET /home/Test/test
[ info ] yzdg.app/home/Test/test [运行时间：0.030001s][吞吐率：33.33req/s] [内存消耗：1,503.27kb] [文件加载：46]
[ info ] [ LANG ] E:\WWW\yzdg\thinkphp\lang\zh-cn.php
[ info ] [ ROUTE ] array (
  'type' => 'module',
  'module' => 
  array (
    0 => 'home',
    1 => 'Test',
    2 => 'test',
  ),
)
[ info ] [ HEADER ] array (
  'host' => 'yzdg.app',
  'connection' => 'keep-alive',
  'cache-control' => 'max-age=0',
  'accept' => 'text/html,application/xhtml+xml,application/xml;q=0.9,image/webp,*/*;q=0.8',
  'upgrade-insecure-requests' => '1',
  'user-agent' => 'Mozilla/5.0 (Windows NT 6.1; WOW64) AppleWebKit/537.36 (KHTML, like Gecko) Chrome/50.0.2661.102 Safari/537.36',
  'accept-encoding' => 'gzip, deflate, sdch',
  'accept-language' => 'zh-CN,zh;q=0.8',
)
[ info ] [ PARAM ] array (
)
[ info ] [ RUN ] app\home\controller\Test->test[ E:\WWW\yzdg\application\home\controller\Test.php ]
[ info ] [ LOG ] INIT File
[ log ] 11123
---------------------------------------------------------------
[ 2017-10-26T17:25:27+08:00 ] 127.0.0.1 127.0.0.1 GET /home/Test/test
[ info ] yzdg.app/home/Test/test [运行时间：0.034002s][吞吐率：29.41req/s] [内存消耗：1,503.91kb] [文件加载：46]
[ info ] [ LANG ] E:\WWW\yzdg\thinkphp\lang\zh-cn.php
[ info ] [ ROUTE ] array (
  'type' => 'module',
  'module' => 
  array (
    0 => 'home',
    1 => 'Test',
    2 => 'test',
  ),
)
[ info ] [ HEADER ] array (
  'host' => 'yzdg.app',
  'connection' => 'keep-alive',
  'cache-control' => 'max-age=0',
  'accept' => 'text/html,application/xhtml+xml,application/xml;q=0.9,image/webp,*/*;q=0.8',
  'upgrade-insecure-requests' => '1',
  'user-agent' => 'Mozilla/5.0 (Windows NT 6.1; WOW64) AppleWebKit/537.36 (KHTML, like Gecko) Chrome/50.0.2661.102 Safari/537.36',
  'accept-encoding' => 'gzip, deflate, sdch',
  'accept-language' => 'zh-CN,zh;q=0.8',
)
[ info ] [ PARAM ] array (
)
[ info ] [ RUN ] app\home\controller\Test->test[ E:\WWW\yzdg\application\home\controller\Test.php ]
[ info ] [ LOG ] INIT File
[ info ] 11123
